0 info it worked if it ends with ok
1 verbose cli [ '/home/jairomh/.nvm/versions/node/v5.5.0/bin/node',
1 verbose cli   '/home/jairomh/.nvm/versions/node/v5.5.0/bin/npm',
1 verbose cli   'start' ]
2 info using npm@3.3.12
3 info using node@v5.5.0
4 verbose run-script [ 'prestart', 'start', 'poststart' ]
5 info lifecycle redux-simple-starter@1.0.0~prestart: redux-simple-starter@1.0.0
6 silly lifecycle redux-simple-starter@1.0.0~prestart: no script for prestart, continuing
7 info lifecycle redux-simple-starter@1.0.0~start: redux-simple-starter@1.0.0
8 verbose lifecycle redux-simple-starter@1.0.0~start: unsafe-perm in lifecycle true
9 verbose lifecycle redux-simple-starter@1.0.0~start: PATH: /home/jairomh/.nvm/versions/node/v5.5.0/lib/node_modules/npm/bin/node-gyp-bin:/home/jairomh/REACTmodern/WeatherApp/node_modules/.bin:/home/jairomh/.nvm/versions/node/v5.5.0/bin:/home/jairomh/bin:/home/jairomh/.local/bin:/usr/local/sbin:/usr/local/bin:/usr/sbin:/usr/bin:/sbin:/bin:/usr/games:/usr/local/games:/snap/bin:/usr/local/go/bin
10 verbose lifecycle redux-simple-starter@1.0.0~start: CWD: /home/jairomh/REACTmodern/WeatherApp
11 silly lifecycle redux-simple-starter@1.0.0~start: Args: [ '-c', 'server.js' ]
12 info lifecycle redux-simple-starter@1.0.0~start: Failed to exec start script
13 verbose stack Error: redux-simple-starter@1.0.0 start: `server.js`
13 verbose stack spawn ENOENT
13 verbose stack     at ChildProcess.<anonymous> (/home/jairomh/.nvm/versions/node/v5.5.0/lib/node_modules/npm/lib/utils/spawn.js:17:16)
13 verbose stack     at emitTwo (events.js:100:13)
13 verbose stack     at ChildProcess.emit (events.js:185:7)
13 verbose stack     at maybeClose (internal/child_process.js:821:16)
13 verbose stack     at Process.ChildProcess._handle.onexit (internal/child_process.js:211:5)
14 verbose pkgid redux-simple-starter@1.0.0
15 verbose cwd /home/jairomh/REACTmodern/WeatherApp
16 error Linux 4.4.0-97-generic
17 error argv "/home/jairomh/.nvm/versions/node/v5.5.0/bin/node" "/home/jairomh/.nvm/versions/node/v5.5.0/bin/npm" "start"
18 error node v5.5.0
19 error npm  v3.3.12
20 error file sh
21 error code ELIFECYCLE
22 error errno ENOENT
23 error syscall spawn
24 error redux-simple-starter@1.0.0 start: `server.js`
24 error spawn ENOENT
25 error Failed at the redux-simple-starter@1.0.0 start script 'server.js'.
25 error Make sure you have the latest version of node.js and npm installed.
25 error If you do, this is most likely a problem with the redux-simple-starter package,
25 error not with npm itself.
25 error Tell the author that this fails on your system:
25 error     server.js
25 error You can get their info via:
25 error     npm owner ls redux-simple-starter
25 error There is likely additional logging output above.
26 verbose exit [ 1, true ]
